Determining if the pthread_create exist failed with the following output:
Change Dir: /home/ardi/catkin_ws/src/drive_base_tutorial/build/CMakeFiles/CMakeTmp

Run Build Command:"/usr/bin/make" "cmTC_110aa/fast"
make[1]: Entering directory '/home/ardi/catkin_ws/src/drive_base_tutorial/build/CMakeFiles/CMakeTmp'
/usr/bin/make -f CMakeFiles/cmTC_110aa.dir/build.make CMakeFiles/cmTC_110aa.dir/build
make[2]: Entering directory '/home/ardi/catkin_ws/src/drive_base_tutorial/build/CMakeFiles/CMakeTmp'
Building C object CMakeFiles/cmTC_110aa.dir/CheckSymbolExists.c.o
/usr/bin/cc     -o CMakeFiles/cmTC_110aa.dir/CheckSymbolExists.c.o   -c /home/ardi/catkin_ws/src/drive_base_tutorial/build/CMakeFiles/CMakeTmp/CheckSymbolExists.c
Linking C executable cmTC_110aa
/usr/bin/cmake -E cmake_link_script CMakeFiles/cmTC_110aa.dir/link.txt --verbose=1
/usr/bin/cc       CMakeFiles/cmTC_110aa.dir/CheckSymbolExists.c.o  -o cmTC_110aa -rdynamic 
CMakeFiles/cmTC_110aa.dir/CheckSymbolExists.c.o: In function `main':
CheckSymbolExists.c:(.text+0x16): undefined reference to `pthread_create'
collect2: error: ld returned 1 exit status
CMakeFiles/cmTC_110aa.dir/build.make:97: recipe for target 'cmTC_110aa' failed
make[2]: *** [cmTC_110aa] Error 1
make[2]: Leaving directory '/home/ardi/catkin_ws/src/drive_base_tutorial/build/CMakeFiles/CMakeTmp'
Makefile:126: recipe for target 'cmTC_110aa/fast' failed
make[1]: *** [cmTC_110aa/fast] Error 2
make[1]: Leaving directory '/home/ardi/catkin_ws/src/drive_base_tutorial/build/CMakeFiles/CMakeTmp'

File /home/ardi/catkin_ws/src/drive_base_tutorial/build/CMakeFiles/CMakeTmp/CheckSymbolExists.c:
/* */
#include <pthread.h>

int main(int argc, char** argv)
{
  (void)argv;
#ifndef pthread_create
  return ((int*)(&pthread_create))[argc];
#else
  (void)argc;
  return 0;
#endif
}

Determining if the function pthread_create exists in the pthreads failed with the following output:
Change Dir: /home/ardi/catkin_ws/src/drive_base_tutorial/build/CMakeFiles/CMakeTmp

Run Build Command:"/usr/bin/make" "cmTC_9d21e/fast"
make[1]: Entering directory '/home/ardi/catkin_ws/src/drive_base_tutorial/build/CMakeFiles/CMakeTmp'
/usr/bin/make -f CMakeFiles/cmTC_9d21e.dir/build.make CMakeFiles/cmTC_9d21e.dir/build
make[2]: Entering directory '/home/ardi/catkin_ws/src/drive_base_tutorial/build/CMakeFiles/CMakeTmp'
Building C object CMakeFiles/cmTC_9d21e.dir/CheckFunctionExists.c.o
/usr/bin/cc    -DCHECK_FUNCTION_EXISTS=pthread_create   -o CMakeFiles/cmTC_9d21e.dir/CheckFunctionExists.c.o   -c /usr/share/cmake-3.5/Modules/CheckFunctionExists.c
Linking C executable cmTC_9d21e
/usr/bin/cmake -E cmake_link_script CMakeFiles/cmTC_9d21e.dir/link.txt --verbose=1
/usr/bin/cc   -DCHECK_FUNCTION_EXISTS=pthread_create    CMakeFiles/cmTC_9d21e.dir/CheckFunctionExists.c.o  -o cmTC_9d21e -rdynamic -lpthreads 
/usr/bin/ld: cannot find -lpthreads
collect2: error: ld returned 1 exit status
CMakeFiles/cmTC_9d21e.dir/build.make:97: recipe for target 'cmTC_9d21e' failed
make[2]: *** [cmTC_9d21e] Error 1
make[2]: Leaving directory '/home/ardi/catkin_ws/src/drive_base_tutorial/build/CMakeFiles/CMakeTmp'
Makefile:126: recipe for target 'cmTC_9d21e/fast' failed
make[1]: *** [cmTC_9d21e/fast] Error 2
make[1]: Leaving directory '/home/ardi/catkin_ws/src/drive_base_tutorial/build/CMakeFiles/CMakeTmp'


